{"message":"app ready","level":"info","hostname":"arch","timestamp":"2020-06-05T12:04:12.945Z"}
{"message":"focus round round started","level":"info","hostname":"arch","timestamp":"2020-06-05T13:35:46.687Z"}
{"message":"focus round completed","level":"info","hostname":"arch","timestamp":"2020-06-05T14:05:46.703Z"}
{"message":"short break round started","level":"info","hostname":"arch","timestamp":"2020-06-05T14:05:48.231Z"}
{"message":"short break completed","level":"info","hostname":"arch","timestamp":"2020-06-05T14:10:32.356Z"}
{"message":"focus round round started","level":"info","hostname":"arch","timestamp":"2020-06-05T14:10:33.865Z"}
{"message":"focus round completed","level":"info","hostname":"arch","timestamp":"2020-06-05T14:40:33.871Z"}
{"message":"short break round started","level":"info","hostname":"arch","timestamp":"2020-06-05T14:40:35.397Z"}
{"message":"short break completed","level":"info","hostname":"arch","timestamp":"2020-06-05T14:45:35.397Z"}
{"message":"focus round round started","level":"info","hostname":"arch","timestamp":"2020-06-05T14:45:36.909Z"}
{"message":"focus round completed","level":"info","hostname":"arch","timestamp":"2020-06-05T15:15:36.913Z"}
{"message":"short break round started","level":"info","hostname":"arch","timestamp":"2020-06-05T15:15:38.440Z"}
{"message":"short break round paused","level":"info","hostname":"arch","timestamp":"2020-06-05T15:15:40.303Z"}
{"message":"short break round started","level":"info","hostname":"arch","timestamp":"2020-06-05T16:06:38.519Z"}
{"message":"short break completed","level":"info","hostname":"arch","timestamp":"2020-06-05T16:06:41.619Z"}
{"message":"focus round round started","level":"info","hostname":"arch","timestamp":"2020-06-05T16:06:43.124Z"}
{"message":"focus round completed","level":"info","hostname":"arch","timestamp":"2020-06-05T16:36:43.131Z"}
{"message":"long break round started","level":"info","hostname":"arch","timestamp":"2020-06-05T16:36:44.656Z"}
{"message":"quitting app...","level":"info","hostname":"arch","timestamp":"2020-06-05T16:44:33.453Z"}
{"message":"app ready","level":"info","hostname":"arch","timestamp":"2020-06-05T18:28:16.281Z"}
{"message":"focus round round started","level":"info","hostname":"arch","timestamp":"2020-06-05T18:31:15.506Z"}
{"message":"focus round round paused","level":"info","hostname":"arch","timestamp":"2020-06-05T18:31:15.739Z"}
{"message":"focus round round started","level":"info","hostname":"arch","timestamp":"2020-06-05T18:31:16.285Z"}
{"message":"quitting app...","level":"info","hostname":"arch","timestamp":"2020-06-05T18:51:12.144Z"}
{"message":"app ready","level":"info","hostname":"arch","timestamp":"2020-06-05T19:23:37.608Z"}
{"message":"focus round round started","level":"info","hostname":"arch","timestamp":"2020-06-05T19:23:42.904Z"}
{"message":"focus round completed","level":"info","hostname":"arch","timestamp":"2020-06-05T19:53:42.916Z"}
{"message":"short break round started","level":"info","hostname":"arch","timestamp":"2020-06-05T19:53:44.441Z"}
{"message":"short break completed","level":"info","hostname":"arch","timestamp":"2020-06-05T19:58:44.441Z"}
{"message":"focus round round started","level":"info","hostname":"arch","timestamp":"2020-06-05T19:58:45.953Z"}
{"message":"quitting app...","level":"info","hostname":"arch","timestamp":"2020-06-05T20:04:16.587Z"}
{"message":"app ready","level":"info","hostname":"arch","timestamp":"2020-06-05T22:16:03.985Z"}
{"message":"quitting app...","level":"info","hostname":"arch","timestamp":"2020-06-05T22:20:12.741Z"}
{"message":"app ready","level":"info","hostname":"arch","timestamp":"2020-06-05T23:20:46.566Z"}
{"message":"focus round round started","level":"info","hostname":"arch","timestamp":"2020-06-05T23:20:49.976Z"}
{"message":"focus round completed","level":"info","hostname":"arch","timestamp":"2020-06-05T23:50:49.991Z"}
{"message":"short break round started","level":"info","hostname":"arch","timestamp":"2020-06-05T23:50:51.525Z"}
{"message":"short break completed","level":"info","hostname":"arch","timestamp":"2020-06-05T23:55:51.524Z"}
{"message":"focus round round started","level":"info","hostname":"arch","timestamp":"2020-06-05T23:55:53.035Z"}
{"message":"focus round round paused","level":"info","hostname":"arch","timestamp":"2020-06-06T00:15:14.852Z"}
{"message":"quitting app...","level":"info","hostname":"arch","timestamp":"2020-06-06T00:19:20.012Z"}
{"message":"app ready","level":"info","hostname":"arch","timestamp":"2020-06-06T00:33:31.571Z"}
{"message":"quitting app...","level":"info","hostname":"arch","timestamp":"2020-06-06T00:33:32.640Z"}
{"message":"app ready","level":"info","hostname":"arch","timestamp":"2020-06-06T00:33:37.471Z"}
{"message":"quitting app...","level":"info","hostname":"arch","timestamp":"2020-06-06T00:34:01.839Z"}
{"message":"app ready","level":"info","hostname":"arch","timestamp":"2020-06-06T00:43:42.260Z"}
{"message":"focus round round started","level":"info","hostname":"arch","timestamp":"2020-06-06T00:43:51.642Z"}
{"message":"focus round round paused","level":"info","hostname":"arch","timestamp":"2020-06-06T00:43:53.514Z"}
{"message":"focus round round started","level":"info","hostname":"arch","timestamp":"2020-06-06T01:08:30.140Z"}
{"message":"focus round round paused","level":"info","hostname":"arch","timestamp":"2020-06-06T01:08:31.121Z"}
