{"message":"app ready","level":"info","hostname":"arch","timestamp":"2020-06-04T15:23:49.892Z"}
{"message":"creating directory: /home/maruan/.config/pomotroid/themes","level":"info","hostname":"arch","timestamp":"2020-06-04T15:23:50.551Z"}
{"message":"focus round round started","level":"info","hostname":"arch","timestamp":"2020-06-04T15:23:54.626Z"}
{"message":"quitting app...","level":"info","hostname":"arch","timestamp":"2020-06-04T15:23:57.357Z"}
{"message":"app ready","level":"info","hostname":"arch","timestamp":"2020-06-04T15:24:09.697Z"}
{"message":"quitting app...","level":"info","hostname":"arch","timestamp":"2020-06-04T15:24:12.020Z"}
{"message":"app ready","level":"info","hostname":"arch","timestamp":"2020-06-04T15:24:23.399Z"}
{"message":"quitting app...","level":"info","hostname":"arch","timestamp":"2020-06-04T15:24:24.792Z"}
{"message":"app ready","level":"info","hostname":"arch","timestamp":"2020-06-04T15:24:27.622Z"}
{"message":"quitting app...","level":"info","hostname":"arch","timestamp":"2020-06-04T15:24:31.764Z"}
{"message":"app ready","level":"info","hostname":"arch","timestamp":"2020-06-04T15:24:41.210Z"}
{"message":"focus round round reset","level":"info","hostname":"arch","timestamp":"2020-06-04T15:24:48.286Z"}
{"message":"focus round round started","level":"info","hostname":"arch","timestamp":"2020-06-04T15:25:14.681Z"}
{"message":"focus round round paused","level":"info","hostname":"arch","timestamp":"2020-06-04T15:25:15.076Z"}
{"message":"focus round round started","level":"info","hostname":"arch","timestamp":"2020-06-04T15:25:15.905Z"}
{"message":"focus round completed","level":"info","hostname":"arch","timestamp":"2020-06-04T15:26:15.917Z"}
{"message":"short break round started","level":"info","hostname":"arch","timestamp":"2020-06-04T15:26:17.428Z"}
{"message":"short break completed","level":"info","hostname":"arch","timestamp":"2020-06-04T15:26:59.987Z"}
{"message":"focus round round reset","level":"info","hostname":"arch","timestamp":"2020-06-04T15:27:00.856Z"}
{"message":"focus round round started","level":"info","hostname":"arch","timestamp":"2020-06-04T15:27:01.501Z"}
{"message":"focus round round paused","level":"info","hostname":"arch","timestamp":"2020-06-04T15:27:04.202Z"}
{"message":"focus round round started","level":"info","hostname":"arch","timestamp":"2020-06-04T16:49:57.046Z"}
{"message":"focus round completed","level":"info","hostname":"arch","timestamp":"2020-06-04T17:19:55.048Z"}
{"message":"short break round started","level":"info","hostname":"arch","timestamp":"2020-06-04T17:19:56.558Z"}
{"message":"short break completed","level":"info","hostname":"arch","timestamp":"2020-06-04T17:24:56.558Z"}
{"message":"focus round round started","level":"info","hostname":"arch","timestamp":"2020-06-04T17:24:58.065Z"}
{"message":"focus round round paused","level":"info","hostname":"arch","timestamp":"2020-06-04T17:24:59.266Z"}
{"message":"focus round round started","level":"info","hostname":"arch","timestamp":"2020-06-04T17:24:59.924Z"}
{"message":"focus round completed","level":"info","hostname":"arch","timestamp":"2020-06-04T17:54:58.928Z"}
{"message":"short break round started","level":"info","hostname":"arch","timestamp":"2020-06-04T17:55:00.455Z"}
{"message":"short break completed","level":"info","hostname":"arch","timestamp":"2020-06-04T18:00:00.454Z"}
{"message":"focus round round started","level":"info","hostname":"arch","timestamp":"2020-06-04T18:00:01.965Z"}
{"message":"focus round round paused","level":"info","hostname":"arch","timestamp":"2020-06-04T18:00:06.468Z"}
{"message":"focus round round started","level":"info","hostname":"arch","timestamp":"2020-06-04T18:26:01.321Z"}
{"message":"focus round completed","level":"info","hostname":"arch","timestamp":"2020-06-04T18:55:57.322Z"}
{"message":"long break round started","level":"info","hostname":"arch","timestamp":"2020-06-04T18:55:58.834Z"}
{"message":"long break completed","level":"info","hostname":"arch","timestamp":"2020-06-04T19:05:58.836Z"}
{"message":"focus round round started","level":"info","hostname":"arch","timestamp":"2020-06-04T19:06:00.348Z"}
{"message":"focus round completed","level":"info","hostname":"arch","timestamp":"2020-06-04T19:36:00.347Z"}
{"message":"short break round started","level":"info","hostname":"arch","timestamp":"2020-06-04T19:36:01.859Z"}
{"message":"short break completed","level":"info","hostname":"arch","timestamp":"2020-06-04T19:41:01.859Z"}
{"message":"focus round round started","level":"info","hostname":"arch","timestamp":"2020-06-04T19:41:03.369Z"}
{"message":"focus round completed","level":"info","hostname":"arch","timestamp":"2020-06-04T20:11:03.374Z"}
{"message":"short break round started","level":"info","hostname":"arch","timestamp":"2020-06-04T20:11:04.897Z"}
{"message":"short break completed","level":"info","hostname":"arch","timestamp":"2020-06-04T20:16:04.898Z"}
{"message":"focus round round started","level":"info","hostname":"arch","timestamp":"2020-06-04T20:16:06.405Z"}
{"message":"focus round completed","level":"info","hostname":"arch","timestamp":"2020-06-04T20:46:06.411Z"}
{"message":"short break round started","level":"info","hostname":"arch","timestamp":"2020-06-04T20:46:07.938Z"}
{"message":"short break round paused","level":"info","hostname":"arch","timestamp":"2020-06-04T20:47:40.281Z"}
{"message":"short break round started","level":"info","hostname":"arch","timestamp":"2020-06-04T20:47:47.840Z"}
{"message":"short break round paused","level":"info","hostname":"arch","timestamp":"2020-06-04T20:47:52.683Z"}
{"message":"short break round started","level":"info","hostname":"arch","timestamp":"2020-06-04T21:04:15.084Z"}
{"message":"short break completed","level":"info","hostname":"arch","timestamp":"2020-06-04T21:05:29.532Z"}
{"message":"focus round round started","level":"info","hostname":"arch","timestamp":"2020-06-04T21:05:31.040Z"}
{"message":"focus round round paused","level":"info","hostname":"arch","timestamp":"2020-06-04T21:05:31.545Z"}
{"message":"focus round round started","level":"info","hostname":"arch","timestamp":"2020-06-04T21:05:32.012Z"}
{"message":"focus round completed","level":"info","hostname":"arch","timestamp":"2020-06-04T21:35:32.019Z"}
{"message":"long break round started","level":"info","hostname":"arch","timestamp":"2020-06-04T21:35:33.544Z"}
{"message":"long break round paused","level":"info","hostname":"arch","timestamp":"2020-06-04T21:36:51.582Z"}
{"message":"quitting app...","level":"info","hostname":"arch","timestamp":"2020-06-05T01:57:15.651Z"}
